# JRE version: Java(TM) SE Runtime Environment (8.0_121-b13) (build 1.8.0_121-b13)
# Java VM: Java HotSpot(TM) 64-Bit Server VM (25.121-b13 mixed mode windows-amd64 compressed oops)
Heap:
 PSYoungGen      total 37888K, used 32042K [0x00000000d6100000, 0x00000000dab80000, 0x0000000100000000)
  eden space 27136K, 78% used [0x00000000d6100000,0x00000000d75cbc98,0x00000000d7b80000)
  from space 10752K, 99% used [0x00000000d7b80000,0x00000000d85fef20,0x00000000d8600000)
  to   space 12800K, 0% used [0x00000000d9f00000,0x00000000d9f00000,0x00000000dab80000)
 ParOldGen       total 41984K, used 16719K [0x0000000082200000, 0x0000000084b00000, 0x00000000d6100000)
  object space 41984K, 39% used [0x0000000082200000,0x0000000083253c58,0x0000000084b00000)
 Metaspace       used 34078K, capacity 34340K, committed 34648K, reserved 1079296K
  class space    used 4091K, capacity 4190K, committed 4224K, reserved 1048576K
GC Heap History (10 events):
Event: 9.540 GC heap before
{Heap before GC invocations=5 (full 1):
 PSYoungGen      total 37888K, used 25975K [0x00000000d6100000, 0x00000000d8b00000, 0x0000000100000000)
  eden space 32768K, 63% used [0x00000000d6100000,0x00000000d7565cd8,0x00000000d8100000)
  from space 5120K, 99% used [0x00000000d8100000,0x00000000d85f8300,0x00000000d8600000)
  to   space 5120K, 0% used [0x00000000d8600000,0x00000000d8600000,0x00000000d8b00000)
 ParOldGen       total 86016K, used 5592K [0x0000000082200000, 0x0000000087600000, 0x00000000d6100000)
  object space 86016K, 6% used [0x0000000082200000,0x0000000082776130,0x0000000087600000)
 Metaspace       used 24700K, capacity 24930K, committed 25176K, reserved 1071104K
  class space    used 2803K, capacity 2867K, committed 2944K, reserved 1048576K
Event: 9.543 GC heap after
Heap after GC invocations=5 (full 1):
 PSYoungGen      total 37888K, used 4551K [0x00000000d6100000, 0x00000000d8b00000, 0x0000000100000000)
  eden space 32768K, 0% used [0x00000000d6100000,0x00000000d6100000,0x00000000d8100000)
  from space 5120K, 88% used [0x00000000d8600000,0x00000000d8a71e98,0x00000000d8b00000)
  to   space 5120K, 0% used [0x00000000d8100000,0x00000000d8100000,0x00000000d8600000)
 ParOldGen       total 86016K, used 5600K [0x0000000082200000, 0x0000000087600000, 0x00000000d6100000)
  object space 86016K, 6% used [0x0000000082200000,0x0000000082778130,0x0000000087600000)
 Metaspace       used 24700K, capacity 24930K, committed 25176K, reserved 1071104K
  class space    used 2803K, capacity 2867K, committed 2944K, reserved 1048576K
}
Event: 9.543 GC heap before
{Heap before GC invocations=6 (full 2):
 PSYoungGen      total 37888K, used 4551K [0x00000000d6100000, 0x00000000d8b00000, 0x0000000100000000)
  eden space 32768K, 0% used [0x00000000d6100000,0x00000000d6100000,0x00000000d8100000)
  from space 5120K, 88% used [0x00000000d8600000,0x00000000d8a71e98,0x00000000d8b00000)
  to   space 5120K, 0% used [0x00000000d8100000,0x00000000d8100000,0x00000000d8600000)
 ParOldGen       total 86016K, used 5600K [0x0000000082200000, 0x0000000087600000, 0x00000000d6100000)
  object space 86016K, 6% used [0x0000000082200000,0x0000000082778130,0x0000000087600000)
 Metaspace       used 24700K, capacity 24930K, committed 25176K, reserved 1071104K
  class space    used 2803K, capacity 2867K, committed 2944K, reserved 1048576K
Event: 9.564 GC heap after
Heap after GC invocations=6 (full 2):
 PSYoungGen      total 37888K, used 0K [0x00000000d6100000, 0x00000000d8b00000, 0x0000000100000000)
  eden space 32768K, 0% used [0x00000000d6100000,0x00000000d6100000,0x00000000d8100000)
  from space 5120K, 0% used [0x00000000d8600000,0x00000000d8600000,0x00000000d8b00000)
  to   space 5120K, 0% used [0x00000000d8100000,0x00000000d8100000,0x00000000d8600000)
 ParOldGen       total 41984K, used 7736K [0x0000000082200000, 0x0000000084b00000, 0x00000000d6100000)
  object space 41984K, 18% used [0x0000000082200000,0x000000008298e058,0x0000000084b00000)
 Metaspace       used 24700K, capacity 24930K, committed 25176K, reserved 1071104K
  class space    used 2803K, capacity 2867K, committed 2944K, reserved 1048576K
}
Event: 10.154 GC heap before
{Heap before GC invocations=7 (full 2):
 PSYoungGen      total 37888K, used 32768K [0x00000000d6100000, 0x00000000d8b00000, 0x0000000100000000)
  eden space 32768K, 100% used [0x00000000d6100000,0x00000000d8100000,0x00000000d8100000)
  from space 5120K, 0% used [0x00000000d8600000,0x00000000d8600000,0x00000000d8b00000)
  to   space 5120K, 0% used [0x00000000d8100000,0x00000000d8100000,0x00000000d8600000)
 ParOldGen       total 41984K, used 7736K [0x0000000082200000, 0x0000000084b00000, 0x00000000d6100000)
  object space 41984K, 18% used [0x0000000082200000,0x000000008298e058,0x0000000084b00000)
 Metaspace       used 29169K, capacity 29458K, committed 29784K, reserved 1075200K
  class space    used 3515K, capacity 3609K, committed 3712K, reserved 1048576K
Event: 10.159 GC heap after
Heap after GC invocations=7 (full 2):
 PSYoungGen      total 37888K, used 5091K [0x00000000d6100000, 0x00000000d8b00000, 0x0000000100000000)
  eden space 32768K, 0% used [0x00000000d6100000,0x00000000d6100000,0x00000000d8100000)
  from space 5120K, 99% used [0x00000000d8100000,0x00000000d85f8fd8,0x00000000d8600000)
  to   space 5120K, 0% used [0x00000000d8600000,0x00000000d8600000,0x00000000d8b00000)
 ParOldGen       total 41984K, used 8822K [0x0000000082200000, 0x0000000084b00000, 0x00000000d6100000)
  object space 41984K, 21% used [0x0000000082200000,0x0000000082a9d970,0x0000000084b00000)
 Metaspace       used 29169K, capacity 29458K, committed 29784K, reserved 1075200K
  class space    used 3515K, capacity 3609K, committed 3712K, reserved 1048576K
}
Event: 10.292 GC heap before
{Heap before GC invocations=8 (full 2):
 PSYoungGen      total 37888K, used 37859K [0x00000000d6100000, 0x00000000d8b00000, 0x0000000100000000)
  eden space 32768K, 100% used [0x00000000d6100000,0x00000000d8100000,0x00000000d8100000)
  from space 5120K, 99% used [0x00000000d8100000,0x00000000d85f8fd8,0x00000000d8600000)
  to   space 5120K, 0% used [0x00000000d8600000,0x00000000d8600000,0x00000000d8b00000)
 ParOldGen       total 41984K, used 8822K [0x0000000082200000, 0x0000000084b00000, 0x00000000d6100000)
  object space 41984K, 21% used [0x0000000082200000,0x0000000082a9d970,0x0000000084b00000)
 Metaspace       used 29173K, capacity 29458K, committed 29784K, reserved 1075200K
  class space    used 3515K, capacity 3609K, committed 3712K, reserved 1048576K
Event: 10.298 GC heap after
Heap after GC invocations=8 (full 2):
 PSYoungGen      total 32256K, used 5117K [0x00000000d6100000, 0x00000000db000000, 0x0000000100000000)
  eden space 27136K, 0% used [0x00000000d6100000,0x00000000d6100000,0x00000000d7b80000)
  from space 5120K, 99% used [0x00000000d8600000,0x00000000d8aff6b8,0x00000000d8b00000)
  to   space 10752K, 0% used [0x00000000d7b80000,0x00000000d7b80000,0x00000000d8600000)
 ParOldGen       total 41984K, used 15502K [0x0000000082200000, 0x0000000084b00000, 0x00000000d6100000)
  object space 41984K, 36% used [0x0000000082200000,0x0000000083123ba0,0x0000000084b00000)
 Metaspace       used 29173K, capacity 29458K, committed 29784K, reserved 1075200K
  class space    used 3515K, capacity 3609K, committed 3712K, reserved 1048576K
}
Event: 10.409 GC heap before
{Heap before GC invocations=9 (full 2):
 PSYoungGen      total 32256K, used 32253K [0x00000000d6100000, 0x00000000db000000, 0x0000000100000000)
  eden space 27136K, 100% used [0x00000000d6100000,0x00000000d7b80000,0x00000000d7b80000)
  from space 5120K, 99% used [0x00000000d8600000,0x00000000d8aff6b8,0x00000000d8b00000)
  to   space 10752K, 0% used [0x00000000d7b80000,0x00000000d7b80000,0x00000000d8600000)
 ParOldGen       total 41984K, used 15502K [0x0000000082200000, 0x0000000084b00000, 0x00000000d6100000)
  object space 41984K, 36% used [0x0000000082200000,0x0000000083123ba0,0x0000000084b00000)
 Metaspace       used 29173K, capacity 29458K, committed 29784K, reserved 1075200K
  class space    used 3515K, capacity 3609K, committed 3712K, reserved 1048576K
Event: 10.414 GC heap after
Heap after GC invocations=9 (full 2):
 PSYoungGen      total 37888K, used 10747K [0x00000000d6100000, 0x00000000dab80000, 0x0000000100000000)
  eden space 27136K, 0% used [0x00000000d6100000,0x00000000d6100000,0x00000000d7b80000)
  from space 10752K, 99% used [0x00000000d7b80000,0x00000000d85fef20,0x00000000d8600000)
  to   space 12800K, 0% used [0x00000000d9f00000,0x00000000d9f00000,0x00000000dab80000)
 ParOldGen       total 41984K, used 16719K [0x0000000082200000, 0x0000000084b00000, 0x00000000d6100000)
  object space 41984K, 39% used [0x0000000082200000,0x0000000083253c58,0x0000000084b00000)
 Metaspace       used 29173K, capacity 29458K, committed 29784K, reserved 1075200K
  class space    used 3515K, capacity 3609K, committed 3712K, reserved 1048576K
}

